<?xml version="1.0" encoding="UTF-8"?>
<!-- Generated by org.testng.reporters.JUnitReportReporter -->
<testsuite hostname="chintu" failures="0" tests="1" name="org.example.GoogleSearchtest" time="13.578" errors="0" timestamp="2023-03-29T10:36:09 IST" skipped="0">
  <testcase classname="org.example.GoogleSearchtest" name="googletest" time="13.578"/>
  <system-out/>
</testsuite> <!-- org.example.GoogleSearchtest -->
